<?xml version="1.0" encoding="UTF-8"?>
<!-- Generated by org.testng.reporters.JUnitXMLReporter -->
<testsuite ignored="0" hostname="LAPTOP-ODIK6SBS" failures="0" tests="5" name="Default test" time="0.04" errors="0" timestamp="05 Oct 2023 14:46:29 GMT">
  <testcase classname="Web.Automation.TestNGAnnotations" name="beforeSuiteExample" time="0.004"/>
  <testcase classname="Web.Automation.TestNGAnnotations" name="Sum1" time="0.001"/>
  <testcase classname="Web.Automation.TestNGAnnotations" name="Sum2" time="0.002"/>
  <testcase classname="Web.Automation.TestNGAnnotations" name="Testzxample" time="0.001"/>
  <testcase classname="Web.Automation.TestNGAnnotations" name="firstTest" time="0.002"/>
</testsuite> <!-- Default test -->
