<?xml version="1.0" encoding="UTF-8"?>
<testng-results ignored="0" total="1" passed="1" failed="0" skipped="0">
  <reporter-output>
  </reporter-output>
  <suite started-at="2023-10-19T13:16:32Z" name="Default suite" finished-at="2023-10-19T13:16:37Z" duration-ms="4830">
    <groups>
    </groups>
    <test started-at="2023-10-19T13:16:32Z" name="Default test" finished-at="2023-10-19T13:16:37Z" duration-ms="4830">
      <class name="Web.Automation.VisibilityExamples">
        <test-method is-config="true" signature="StartBrowser()[pri:0, instance:Web.Automation.VisibilityExamples@4716be8b]" started-at="2023-10-19T19:16:29Z" name="StartBrowser" finished-at="2023-10-19T19:16:32Z" duration-ms="3285" status="PASS">
          <reporter-output>
          </reporter-output>
        </test-method> <!-- StartBrowser -->
        <test-method signature="ExceuteUrl()[pri:0, instance:Web.Automation.VisibilityExamples@4716be8b]" started-at="2023-10-19T19:16:32Z" name="ExceuteUrl" finished-at="2023-10-19T19:16:37Z" duration-ms="4817" status="PASS">
          <reporter-output>
          </reporter-output>
        </test-method> <!-- ExceuteUrl -->
        <test-method is-config="true" signature="closeBrowser()[pri:0, instance:Web.Automation.VisibilityExamples@4716be8b]" started-at="2023-10-19T19:16:37Z" name="closeBrowser" finished-at="2023-10-19T19:16:38Z" duration-ms="223" status="PASS">
          <reporter-output>
          </reporter-output>
        </test-method> <!-- closeBrowser -->
      </class> <!-- Web.Automation.VisibilityExamples -->
    </test> <!-- Default test -->
  </suite> <!-- Default suite -->
</testng-results>
